<?xml version="1.0" encoding="UTF-8"?>
<!-- Generated by org.testng.reporters.JUnitXMLReporter -->
<testsuite ignored="0" hostname="LAPTOP-04AKG4B2" failures="0" tests="3" name="End To End Test" time="44.243" errors="0" timestamp="2024-03-26T11:38:39 IST">
  <testcase classname="alasana.tests.E2ETest" name="SubmitOrder" time="5.759"/>
  <testcase classname="alasana.tests.E2ETest" name="SubmitOrder" time="4.951"/>
  <testcase classname="alasana.tests.E2ETest" name="orderHistory" time="1.036"/>
</testsuite> <!-- End To End Test -->
